<?xml version="1.0" encoding="UTF-8"?>
<testsuite xmlns:xsi="http://www.w3.org/2001/XMLSchema-instance" xsi:noNamespaceSchemaLocation="https://maven.apache.org/surefire/maven-surefire-plugin/xsd/surefire-test-report.xsd" name="winarto.todolist.service.TodoListServiceTest" time="0.023" tests="6" errors="0" skipped="0" failures="0">
  <properties>
[...]
</properties>
  <testcase name="testGetTodoListSuccess" classname="winarto.todolist.service.TodoListServiceTest" time="0.016"/>
  <testcase name="testGetTodoListByIDSuccess" classname="winarto.todolist.service.TodoListServiceTest" time="0.001"/>
  <testcase name="testGetTodoListByIDNotFound" classname="winarto.todolist.service.TodoListServiceTest" time="0.001"/>
  <testcase name="testInsertTodoList" classname="winarto.todolist.service.TodoListServiceTest" time="0.001"/>
  <testcase name="testGetTodoListEmptyData" classname="winarto.todolist.service.TodoListServiceTest" time="0.001"/>
  <testcase name="testRemoveTodoListByID" classname="winarto.todolist.service.TodoListServiceTest" time="0.001"/>
</testsuite>